#! /d/a/fpga-toolchain-build/fpga-toolchain-build/iverilog/_install/bin/vvp
:ivl_version "11.0 (stable)" "(d3b0992)";
:ivl_delay_selection "TYPICAL";
:vpi_time_precision + 0;
:vpi_module "C:\PROGRA~3\CHOCOL~1\lib\iverilog\tools\lib\ivl\system.vpi";
:vpi_module "C:\PROGRA~3\CHOCOL~1\lib\iverilog\tools\lib\ivl\vhdl_sys.vpi";
:vpi_module "C:\PROGRA~3\CHOCOL~1\lib\iverilog\tools\lib\ivl\vhdl_textio.vpi";
:vpi_module "C:\PROGRA~3\CHOCOL~1\lib\iverilog\tools\lib\ivl\v2005_math.vpi";
:vpi_module "C:\PROGRA~3\CHOCOL~1\lib\iverilog\tools\lib\ivl\va_math.vpi";
S_0000014dedad6e40 .scope module, "Mover_Izquierda" "Mover_Izquierda" 2 2;
 .timescale 0 0;
    .port_info 0 /INPUT 4 "A";
    .port_info 1 /INPUT 2 "B";
    .port_info 2 /OUTPUT 4 "E";
o0000014dedad6fd8 .functor BUFZ 4, C4<zzzz>; HiZ drive
v0000014dedaa32b0_0 .net "A", 3 0, o0000014dedad6fd8;  0 drivers
o0000014dedad7008 .functor BUFZ 2, C4<zz>; HiZ drive
v0000014dedaa2e80_0 .net "B", 1 0, o0000014dedad7008;  0 drivers
v0000014dedc0e660_0 .net "E", 3 0, L_0000014dedc0e700;  1 drivers
L_0000014dedc0e700 .shift/l 4, o0000014dedad6fd8, o0000014dedad7008;
# The file index is used to find the file name in the following table.
:file_names 3;
    "N/A";
    "<interactive>";
    "Mover_Izquierda.v";
