#! /d/a/fpga-toolchain-build/fpga-toolchain-build/iverilog/_install/bin/vvp
:ivl_version "11.0 (stable)" "(d3b0992)";
:ivl_delay_selection "TYPICAL";
:vpi_time_precision + 0;
:vpi_module "C:\PROGRA~3\CHOCOL~1\lib\iverilog\tools\lib\ivl\system.vpi";
:vpi_module "C:\PROGRA~3\CHOCOL~1\lib\iverilog\tools\lib\ivl\vhdl_sys.vpi";
:vpi_module "C:\PROGRA~3\CHOCOL~1\lib\iverilog\tools\lib\ivl\vhdl_textio.vpi";
:vpi_module "C:\PROGRA~3\CHOCOL~1\lib\iverilog\tools\lib\ivl\v2005_math.vpi";
:vpi_module "C:\PROGRA~3\CHOCOL~1\lib\iverilog\tools\lib\ivl\va_math.vpi";
S_000002471a5b2a80 .scope module, "Multiplicador4bits" "Multiplicador4bits" 2 1;
 .timescale 0 0;
    .port_info 0 /INPUT 1 "clk";
    .port_info 1 /INPUT 1 "rst";
    .port_info 2 /INPUT 1 "init";
    .port_info 3 /INPUT 4 "MD";
    .port_info 4 /INPUT 4 "MR";
    .port_info 5 /OUTPUT 8 "PP";
    .port_info 6 /OUTPUT 1 "done";
P_000002471a59b290 .param/l "S_ADD" 1 2 13, C4<010>;
P_000002471a59b2c8 .param/l "S_CHECK" 1 2 12, C4<001>;
P_000002471a59b300 .param/l "S_DONE" 1 2 15, C4<100>;
P_000002471a59b338 .param/l "S_IDLE" 1 2 11, C4<000>;
P_000002471a59b370 .param/l "S_SHIFT" 1 2 14, C4<011>;
L_000002471a5ec5f0 .functor NOT 1, v000002471a634b20_0, C4<0>, C4<0>, C4<0>;
o000002471a5ed128 .functor BUFZ 1, C4<z>; HiZ drive
L_000002471a5ec820 .functor AND 1, o000002471a5ed128, L_000002471a5ec5f0, C4<1>, C4<1>;
o000002471a5ecfa8 .functor BUFZ 4, C4<zzzz>; HiZ drive
v000002471a5b3140_0 .net "MD", 3 0, o000002471a5ecfa8;  0 drivers
o000002471a5ecfd8 .functor BUFZ 4, C4<zzzz>; HiZ drive
v000002471a5b2c10_0 .net "MR", 3 0, o000002471a5ecfd8;  0 drivers
v000002471a5b2cb0_0 .var "PP", 7 0;
v000002471a5b2d50_0 .net *"_ivl_0", 0 0, L_000002471a5ec5f0;  1 drivers
v000002471a5b2df0_0 .var "acc", 7 0;
o000002471a5ed098 .functor BUFZ 1, C4<z>; HiZ drive
v000002471a5b2e90_0 .net "clk", 0 0, o000002471a5ed098;  0 drivers
v000002471a5e3e70_0 .var "cnt", 2 0;
v000002471a5e3f10_0 .var "done", 0 0;
v000002471a634120_0 .net "init", 0 0, o000002471a5ed128;  0 drivers
v000002471a634b20_0 .var "init_d", 0 0;
v000002471a634e40_0 .net "init_rise", 0 0, L_000002471a5ec820;  1 drivers
v000002471a634f80_0 .var "mdr", 3 0;
o000002471a5ed1e8 .functor BUFZ 1, C4<z>; HiZ drive
v000002471a634940_0 .net "rst", 0 0, o000002471a5ed1e8;  0 drivers
v000002471a634ee0_0 .var "state", 2 0;
E_000002471a598520 .event posedge, v000002471a5b2e90_0;
    .scope S_000002471a5b2a80;
T_0 ;
    %wait E_000002471a598520;
    %load/vec4 v000002471a634940_0;
    %flag_set/vec4 8;
    %jmp/0xz  T_0.0, 8;
    %pushi/vec4 0, 0, 1;
    %assign/vec4 v000002471a634b20_0, 0;
    %jmp T_0.1;
T_0.0 ;
    %load/vec4 v000002471a634120_0;
    %assign/vec4 v000002471a634b20_0, 0;
T_0.1 ;
    %jmp T_0;
    .thread T_0;
    .scope S_000002471a5b2a80;
T_1 ;
    %wait E_000002471a598520;
    %load/vec4 v000002471a634940_0;
    %flag_set/vec4 8;
    %jmp/0xz  T_1.0, 8;
    %pushi/vec4 0, 0, 3;
    %assign/vec4 v000002471a634ee0_0, 0;
    %pushi/vec4 0, 0, 8;
    %assign/vec4 v000002471a5b2df0_0, 0;
    %pushi/vec4 0, 0, 4;
    %assign/vec4 v000002471a634f80_0, 0;
    %pushi/vec4 0, 0, 3;
    %assign/vec4 v000002471a5e3e70_0, 0;
    %pushi/vec4 0, 0, 8;
    %assign/vec4 v000002471a5b2cb0_0, 0;
    %pushi/vec4 0, 0, 1;
    %assign/vec4 v000002471a5e3f10_0, 0;
    %jmp T_1.1;
T_1.0 ;
    %load/vec4 v000002471a634ee0_0;
    %dup/vec4;
    %pushi/vec4 0, 0, 3;
    %cmp/u;
    %jmp/1 T_1.2, 6;
    %dup/vec4;
    %pushi/vec4 1, 0, 3;
    %cmp/u;
    %jmp/1 T_1.3, 6;
    %dup/vec4;
    %pushi/vec4 2, 0, 3;
    %cmp/u;
    %jmp/1 T_1.4, 6;
    %dup/vec4;
    %pushi/vec4 3, 0, 3;
    %cmp/u;
    %jmp/1 T_1.5, 6;
    %dup/vec4;
    %pushi/vec4 4, 0, 3;
    %cmp/u;
    %jmp/1 T_1.6, 6;
    %pushi/vec4 0, 0, 3;
    %assign/vec4 v000002471a634ee0_0, 0;
    %jmp T_1.8;
T_1.2 ;
    %pushi/vec4 0, 0, 1;
    %assign/vec4 v000002471a5e3f10_0, 0;
    %load/vec4 v000002471a634120_0;
    %flag_set/vec4 8;
    %load/vec4 v000002471a634e40_0;
    %flag_set/vec4 9;
    %flag_or 9, 8;
    %jmp/0xz  T_1.9, 9;
    %pushi/vec4 0, 0, 4;
    %load/vec4 v000002471a5b2c10_0;
    %concat/vec4; draw_concat_vec4
    %assign/vec4 v000002471a5b2df0_0, 0;
    %load/vec4 v000002471a5b3140_0;
    %assign/vec4 v000002471a634f80_0, 0;
    %pushi/vec4 0, 0, 3;
    %assign/vec4 v000002471a5e3e70_0, 0;
    %pushi/vec4 1, 0, 3;
    %assign/vec4 v000002471a634ee0_0, 0;
T_1.9 ;
    %jmp T_1.8;
T_1.3 ;
    %load/vec4 v000002471a5b2df0_0;
    %parti/s 1, 0, 2;
    %flag_set/vec4 8;
    %jmp/0xz  T_1.11, 8;
    %pushi/vec4 2, 0, 3;
    %assign/vec4 v000002471a634ee0_0, 0;
    %jmp T_1.12;
T_1.11 ;
    %pushi/vec4 3, 0, 3;
    %assign/vec4 v000002471a634ee0_0, 0;
T_1.12 ;
    %jmp T_1.8;
T_1.4 ;
    %load/vec4 v000002471a5b2df0_0;
    %parti/s 4, 4, 4;
    %load/vec4 v000002471a634f80_0;
    %add;
    %ix/load 4, 4, 0;
    %ix/load 5, 0, 0;
    %flag_set/imm 4, 0;
    %assign/vec4/off/d v000002471a5b2df0_0, 4, 5;
    %pushi/vec4 3, 0, 3;
    %assign/vec4 v000002471a634ee0_0, 0;
    %jmp T_1.8;
T_1.5 ;
    %pushi/vec4 0, 0, 1;
    %load/vec4 v000002471a5b2df0_0;
    %parti/s 7, 1, 2;
    %concat/vec4; draw_concat_vec4
    %assign/vec4 v000002471a5b2df0_0, 0;
    %load/vec4 v000002471a5e3e70_0;
    %addi 1, 0, 3;
    %assign/vec4 v000002471a5e3e70_0, 0;
    %load/vec4 v000002471a5e3e70_0;
    %cmpi/e 3, 0, 3;
    %jmp/0xz  T_1.13, 4;
    %pushi/vec4 4, 0, 3;
    %assign/vec4 v000002471a634ee0_0, 0;
    %jmp T_1.14;
T_1.13 ;
    %pushi/vec4 1, 0, 3;
    %assign/vec4 v000002471a634ee0_0, 0;
T_1.14 ;
    %jmp T_1.8;
T_1.6 ;
    %load/vec4 v000002471a5b2df0_0;
    %assign/vec4 v000002471a5b2cb0_0, 0;
    %pushi/vec4 1, 0, 1;
    %assign/vec4 v000002471a5e3f10_0, 0;
    %load/vec4 v000002471a634120_0;
    %flag_set/vec4 8;
    %load/vec4 v000002471a634e40_0;
    %flag_set/vec4 9;
    %flag_or 9, 8;
    %jmp/0xz  T_1.15, 9;
    %pushi/vec4 0, 0, 3;
    %assign/vec4 v000002471a634ee0_0, 0;
T_1.15 ;
    %jmp T_1.8;
T_1.8 ;
    %pop/vec4 1;
T_1.1 ;
    %jmp T_1;
    .thread T_1;
# The file index is used to find the file name in the following table.
:file_names 3;
    "N/A";
    "<interactive>";
    "Multiplicador4bits.v";
